Start testing: Jan 11 00:27 CST
----------------------------------------------------------
1/1 Testing: almost_equal
1/1 Test: almost_equal
Command: "/home/demiana/Documents/slam_me495/workspaces/slam_ws/src/slam-project-dbarsoum/turtlelib/build/my_test_exe"
Directory: /home/demiana/Documents/slam_me495/workspaces/slam_ws/src/slam-project-dbarsoum/turtlelib/build
"almost_equal" start time: Jan 11 00:27 CST
Output:
----------------------------------------------------------
Randomness seeded to: 2961370381
===============================================================================
All tests passed (1 assertion in 1 test case)

<end of output>
Test time =   0.00 sec
----------------------------------------------------------
Test Passed.
"almost_equal" end time: Jan 11 00:27 CST
"almost_equal" time elapsed: 00:00:00
----------------------------------------------------------

End testing: Jan 11 00:27 CST
